<?xml version="1.0" encoding="UTF-8"?>
<testsuite xmlns:xsi="http://www.w3.org/2001/XMLSchema-instance" xsi:noNamespaceSchemaLocation="https://maven.apache.org/surefire/maven-surefire-plugin/xsd/surefire-test-report.xsd" name="LiteracyComparisonTest" time="0.346" tests="1" errors="0" skipped="0" failures="1">
  <properties>
[...]
</properties>
  <testcase name="literacyComparisonTest" classname="LiteracyComparisonTest" time="0.094">
    <failure message="It was expected that row 1 would be &quot;Niger (2015), female, 11.01572&quot;.&#10;Now the row 1 was &quot;Niger (2015), female, 11.01572036743164&quot;" type="java.lang.AssertionError">java.lang.AssertionError: 
It was expected that row 1 would be "Niger (2015), female, 11.01572".
Now the row 1 was "Niger (2015), female, 11.01572036743164"
	at LiteracyComparisonTest.literacyComparisonTest(LiteracyComparisonTest.java:26)
</failure>
  </testcase>
</testsuite>